<?xml version="1.0" encoding="UTF-8"?>
<!-- Generated by org.testng.reporters.JUnitReportReporter -->
<testsuite skipped="0" hostname="USER-PC" name="com.test.TestNGFeatures" tests="4" failures="0" timestamp="23 May 2018 05:34:26 GMT" time="0.016" errors="0">
  <testcase name="HomePageTest" time="0.000" classname="com.test.TestNGFeatures"/>
  <testcase name="RegPageTest" time="0.016" classname="com.test.TestNGFeatures"/>
  <testcase name="loginTest" time="0.000" classname="com.test.TestNGFeatures"/>
  <testcase name="SearchPageTest" time="0.000" classname="com.test.TestNGFeatures"/>
</testsuite> <!-- com.test.TestNGFeatures -->
