<?xml version="1.0" encoding="UTF-8"?>
<!-- Generated by org.testng.reporters.JUnitReportReporter -->
<testsuite skipped="0" hostname="USER-PC" name="com.test.InvocationCountTest" tests="10" failures="0" timestamp="23 May 2018 05:34:26 GMT" time="0.000" errors="0">
  <testcase name="sum" time="0.000" classname="com.test.InvocationCountTest"/>
  <testcase name="sum" time="0.000" classname="com.test.InvocationCountTest"/>
  <testcase name="sum" time="0.000" classname="com.test.InvocationCountTest"/>
  <testcase name="sum" time="0.000" classname="com.test.InvocationCountTest"/>
  <testcase name="sum" time="0.000" classname="com.test.InvocationCountTest"/>
  <testcase name="sum" time="0.000" classname="com.test.InvocationCountTest"/>
  <testcase name="sum" time="0.000" classname="com.test.InvocationCountTest"/>
  <testcase name="sum" time="0.000" classname="com.test.InvocationCountTest"/>
  <testcase name="sum" time="0.000" classname="com.test.InvocationCountTest"/>
  <testcase name="sum" time="0.000" classname="com.test.InvocationCountTest"/>
</testsuite> <!-- com.test.InvocationCountTest -->
